{"numFailedTestSuites":1,"numFailedTests":4,"numPassedTestSuites":0,"numPassedTests":6,"numPendingTestSuites":0,"numPendingTests":0,"numRuntimeErrorTestSuites":0,"numTodoTests":0,"numTotalTestSuites":1,"numTotalTests":10,"openHandles":[],"snapshot":{"added":0,"didUpdate":false,"failure":false,"filesAdded":0,"filesRemoved":0,"filesRemovedList":[],"filesUnmatched":0,"filesUpdated":0,"matched":0,"total":0,"unchecked":0,"uncheckedKeysByFile":[],"unmatched":0,"updated":0},"startTime":1774092549671,"success":false,"testResults":[{"assertionResults":[{"ancestorTitles":["Todo Routes API Unit Tests","GET /api/"],"duration":20,"failing":false,"failureDetails":[],"failureMessages":[],"fullName":"Todo Routes API Unit Tests GET /api/ should return all todos on success","invocations":1,"location":null,"numPassingAsserts":4,"retryReasons":[],"startAt":1774092550603,"status":"passed","title":"should return all todos on success"},{"ancestorTitles":["Todo Routes API Unit Tests","GET /api/"],"duration":3,"failing":false,"failureDetails":[],"failureMessages":[],"fullName":"Todo Routes API Unit Tests GET /api/ should return 400 on error","invocations":1,"location":null,"numPassingAsserts":2,"retryReasons":[],"startAt":1774092550624,"status":"passed","title":"should return 400 on error"},{"ancestorTitles":["Todo Routes API Unit Tests","POST /api/todos"],"duration":10,"failing":false,"failureDetails":[],"failureMessages":[],"fullName":"Todo Routes API Unit Tests POST /api/todos should create a new todo","invocations":1,"location":null,"numPassingAsserts":4,"retryReasons":[],"startAt":1774092550627,"status":"passed","title":"should create a new todo"},{"ancestorTitles":["Todo Routes API Unit Tests","POST /api/todos"],"duration":2,"failing":false,"failureDetails":[],"failureMessages":[],"fullName":"Todo Routes API Unit Tests POST /api/todos should return 400 if save fails","invocations":1,"location":null,"numPassingAsserts":2,"retryReasons":[],"startAt":1774092550637,"status":"passed","title":"should return 400 if save fails"},{"ancestorTitles":["Todo Routes API Unit Tests","PUT /api/todos/:todoId"],"duration":30,"failing":false,"failureDetails":[],"failureMessages":[],"fullName":"Todo Routes API Unit Tests PUT /api/todos/:todoId should update and return the todo if a valid ID is passed","invocations":1,"location":null,"numPassingAsserts":4,"retryReasons":[],"startAt":1774092550640,"status":"passed","title":"should update and return the todo if a valid ID is passed"},{"ancestorTitles":["Todo Routes API Unit Tests","PUT /api/todos/:todoId"],"duration":15,"failing":false,"failureDetails":[{"matcherResult":{"actual":500,"expected":400,"message":"expect(received).toBe(expected) // Object.is equality\n\nExpected: 400\nReceived: 500","name":"toBe","pass":false}}],"failureMessages":["Error: expect(received).toBe(expected) // Object.is equality\n\nExpected: 400\nReceived: 500\n    at Object.toBe (D:\\Project Code\\AWS-Azure-DevOps\\react-express-mongodb\\backend\\tests\\routes.test.js:120:36)\n    at processTicksAndRejections (node:internal/process/task_queues:103:5)"],"fullName":"Todo Routes API Unit Tests PUT /api/todos/:todoId should return 400 if ID is invalid","invocations":1,"location":null,"numPassingAsserts":0,"retryReasons":[],"startAt":1774092550670,"status":"failed","title":"should return 400 if ID is invalid"},{"ancestorTitles":["Todo Routes API Unit Tests","PUT /api/todos/:todoId"],"duration":16,"failing":false,"failureDetails":[{"matcherResult":{"actual":500,"expected":400,"message":"expect(received).toBe(expected) // Object.is equality\n\nExpected: 400\nReceived: 500","name":"toBe","pass":false}}],"failureMessages":["Error: expect(received).toBe(expected) // Object.is equality\n\nExpected: 400\nReceived: 500\n    at Object.toBe (D:\\Project Code\\AWS-Azure-DevOps\\react-express-mongodb\\backend\\tests\\routes.test.js:129:36)\n    at processTicksAndRejections (node:internal/process/task_queues:103:5)"],"fullName":"Todo Routes API Unit Tests PUT /api/todos/:todoId should return 400 if todo is not found","invocations":1,"location":null,"numPassingAsserts":0,"retryReasons":[],"startAt":1774092550689,"status":"failed","title":"should return 400 if todo is not found"},{"ancestorTitles":["Todo Routes API Unit Tests","DELETE /api/todos/:todoId"],"duration":16,"failing":false,"failureDetails":[],"failureMessages":[],"fullName":"Todo Routes API Unit Tests DELETE /api/todos/:todoId should delete and return the todo if a valid ID is passed","invocations":1,"location":null,"numPassingAsserts":4,"retryReasons":[],"startAt":1774092550705,"status":"passed","title":"should delete and return the todo if a valid ID is passed"},{"ancestorTitles":["Todo Routes API Unit Tests","DELETE /api/todos/:todoId"],"duration":13,"failing":false,"failureDetails":[{"matcherResult":{"actual":500,"expected":400,"message":"expect(received).toBe(expected) // Object.is equality\n\nExpected: 400\nReceived: 500","name":"toBe","pass":false}}],"failureMessages":["Error: expect(received).toBe(expected) // Object.is equality\n\nExpected: 400\nReceived: 500\n    at Object.toBe (D:\\Project Code\\AWS-Azure-DevOps\\react-express-mongodb\\backend\\tests\\routes.test.js:151:36)\n    at processTicksAndRejections (node:internal/process/task_queues:103:5)"],"fullName":"Todo Routes API Unit Tests DELETE /api/todos/:todoId should return 400 if ID is invalid","invocations":1,"location":null,"numPassingAsserts":0,"retryReasons":[],"startAt":1774092550721,"status":"failed","title":"should return 400 if ID is invalid"},{"ancestorTitles":["Todo Routes API Unit Tests","DELETE /api/todos/:todoId"],"duration":13,"failing":false,"failureDetails":[{"matcherResult":{"actual":500,"expected":400,"message":"expect(received).toBe(expected) // Object.is equality\n\nExpected: 400\nReceived: 500","name":"toBe","pass":false}}],"failureMessages":["Error: expect(received).toBe(expected) // Object.is equality\n\nExpected: 400\nReceived: 500\n    at Object.toBe (D:\\Project Code\\AWS-Azure-DevOps\\react-express-mongodb\\backend\\tests\\routes.test.js:160:36)\n    at processTicksAndRejections (node:internal/process/task_queues:103:5)"],"fullName":"Todo Routes API Unit Tests DELETE /api/todos/:todoId should return 400 if todo is not found","invocations":1,"location":null,"numPassingAsserts":0,"retryReasons":[],"startAt":1774092550734,"status":"failed","title":"should return 400 if todo is not found"}],"endTime":1774092550756,"message":"  ● Todo Routes API Unit Tests › PUT /api/todos/:todoId › should return 400 if ID is invalid\n\n    expect(received).toBe(expected) // Object.is equality\n\n    Expected: 400\n    Received: 500\n\n    \u001b[0m \u001b[90m 118 |\u001b[39m         it(\u001b[32m'should return 400 if ID is invalid'\u001b[39m\u001b[33m,\u001b[39m \u001b[36masync\u001b[39m () \u001b[33m=>\u001b[39m {\n     \u001b[90m 119 |\u001b[39m             \u001b[36mconst\u001b[39m res \u001b[33m=\u001b[39m \u001b[36mawait\u001b[39m request(app)\u001b[33m.\u001b[39mput(\u001b[32m'/api/todos/invalid-id'\u001b[39m)\u001b[33m;\u001b[39m\n    \u001b[31m\u001b[1m>\u001b[22m\u001b[39m\u001b[90m 120 |\u001b[39m             expect(res\u001b[33m.\u001b[39mstatusCode)\u001b[33m.\u001b[39mtoBe(\u001b[35m400\u001b[39m)\u001b[33m;\u001b[39m\n     \u001b[90m     |\u001b[39m                                    \u001b[31m\u001b[1m^\u001b[22m\u001b[39m\n     \u001b[90m 121 |\u001b[39m             expect(res\u001b[33m.\u001b[39mbody\u001b[33m.\u001b[39mmessage)\u001b[33m.\u001b[39mtoBe(\u001b[32m'Invalid todo ID format'\u001b[39m)\u001b[33m;\u001b[39m\n     \u001b[90m 122 |\u001b[39m         })\u001b[33m;\u001b[39m\n     \u001b[90m 123 |\u001b[39m\u001b[0m\n\n      at Object.toBe (tests/routes.test.js:120:36)\n\n  ● Todo Routes API Unit Tests › PUT /api/todos/:todoId › should return 400 if todo is not found\n\n    expect(received).toBe(expected) // Object.is equality\n\n    Expected: 400\n    Received: 500\n\n    \u001b[0m \u001b[90m 127 |\u001b[39m\n     \u001b[90m 128 |\u001b[39m             \u001b[36mconst\u001b[39m res \u001b[33m=\u001b[39m \u001b[36mawait\u001b[39m request(app)\u001b[33m.\u001b[39mput(\u001b[32m`/api/todos/${validId}`\u001b[39m)\u001b[33m;\u001b[39m\n    \u001b[31m\u001b[1m>\u001b[22m\u001b[39m\u001b[90m 129 |\u001b[39m             expect(res\u001b[33m.\u001b[39mstatusCode)\u001b[33m.\u001b[39mtoBe(\u001b[35m400\u001b[39m)\u001b[33m;\u001b[39m\n     \u001b[90m     |\u001b[39m                                    \u001b[31m\u001b[1m^\u001b[22m\u001b[39m\n     \u001b[90m 130 |\u001b[39m             expect(res\u001b[33m.\u001b[39mbody\u001b[33m.\u001b[39mmessage)\u001b[33m.\u001b[39mtoBe(\u001b[32m'Todo not found'\u001b[39m)\u001b[33m;\u001b[39m\n     \u001b[90m 131 |\u001b[39m         })\u001b[33m;\u001b[39m\n     \u001b[90m 132 |\u001b[39m     })\u001b[33m;\u001b[39m\u001b[0m\n\n      at Object.toBe (tests/routes.test.js:129:36)\n\n  ● Todo Routes API Unit Tests › DELETE /api/todos/:todoId › should return 400 if ID is invalid\n\n    expect(received).toBe(expected) // Object.is equality\n\n    Expected: 400\n    Received: 500\n\n    \u001b[0m \u001b[90m 149 |\u001b[39m         it(\u001b[32m'should return 400 if ID is invalid'\u001b[39m\u001b[33m,\u001b[39m \u001b[36masync\u001b[39m () \u001b[33m=>\u001b[39m {\n     \u001b[90m 150 |\u001b[39m             \u001b[36mconst\u001b[39m res \u001b[33m=\u001b[39m \u001b[36mawait\u001b[39m request(app)\u001b[33m.\u001b[39m\u001b[36mdelete\u001b[39m(\u001b[32m'/api/todos/invalid-id'\u001b[39m)\u001b[33m;\u001b[39m\n    \u001b[31m\u001b[1m>\u001b[22m\u001b[39m\u001b[90m 151 |\u001b[39m             expect(res\u001b[33m.\u001b[39mstatusCode)\u001b[33m.\u001b[39mtoBe(\u001b[35m400\u001b[39m)\u001b[33m;\u001b[39m\n     \u001b[90m     |\u001b[39m                                    \u001b[31m\u001b[1m^\u001b[22m\u001b[39m\n     \u001b[90m 152 |\u001b[39m             expect(res\u001b[33m.\u001b[39mbody\u001b[33m.\u001b[39mmessage)\u001b[33m.\u001b[39mtoBe(\u001b[32m'Invalid todo ID format'\u001b[39m)\u001b[33m;\u001b[39m\n     \u001b[90m 153 |\u001b[39m         })\u001b[33m;\u001b[39m\n     \u001b[90m 154 |\u001b[39m\u001b[0m\n\n      at Object.toBe (tests/routes.test.js:151:36)\n\n  ● Todo Routes API Unit Tests › DELETE /api/todos/:todoId › should return 400 if todo is not found\n\n    expect(received).toBe(expected) // Object.is equality\n\n    Expected: 400\n    Received: 500\n\n    \u001b[0m \u001b[90m 158 |\u001b[39m\n     \u001b[90m 159 |\u001b[39m             \u001b[36mconst\u001b[39m res \u001b[33m=\u001b[39m \u001b[36mawait\u001b[39m request(app)\u001b[33m.\u001b[39m\u001b[36mdelete\u001b[39m(\u001b[32m`/api/todos/${validId}`\u001b[39m)\u001b[33m;\u001b[39m\n    \u001b[31m\u001b[1m>\u001b[22m\u001b[39m\u001b[90m 160 |\u001b[39m             expect(res\u001b[33m.\u001b[39mstatusCode)\u001b[33m.\u001b[39mtoBe(\u001b[35m400\u001b[39m)\u001b[33m;\u001b[39m\n     \u001b[90m     |\u001b[39m                                    \u001b[31m\u001b[1m^\u001b[22m\u001b[39m\n     \u001b[90m 161 |\u001b[39m             expect(res\u001b[33m.\u001b[39mbody\u001b[33m.\u001b[39mmessage)\u001b[33m.\u001b[39mtoBe(\u001b[32m'Todo not found'\u001b[39m)\u001b[33m;\u001b[39m\n     \u001b[90m 162 |\u001b[39m         })\u001b[33m;\u001b[39m\n     \u001b[90m 163 |\u001b[39m     })\u001b[33m;\u001b[39m\u001b[0m\n\n      at Object.toBe (tests/routes.test.js:160:36)\n","name":"D:\\Project Code\\AWS-Azure-DevOps\\react-express-mongodb\\backend\\tests\\routes.test.js","startTime":1774092549732,"status":"failed","summary":""}],"wasInterrupted":false}
